2026-06-12 07:19:43,004 [INFO] backend.main: Starting up FastAPI application. Creating database tables...
2026-06-12 07:19:43,078 [INFO] backend.database: SQLite connection initialized with WAL mode.
2026-06-12 07:28:19,379 [INFO] backend.main: Received scrape request: query='galaxy wallpaper', limit=20, engine='google'
2026-06-12 07:28:19,407 [INFO] backend.main: Created job 80265344-2ce0-4b3e-bc87-2dbc46cd3623 in database. Dispatching Celery task...
2026-06-12 07:28:19,754 [INFO] backend.main: Successfully dispatched Celery task for job 80265344-2ce0-4b3e-bc87-2dbc46cd3623
2026-06-12 07:32:04,466 [INFO] backend.main: Shutting down FastAPI application.
2026-06-12 07:32:12,207 [INFO] backend.main: Starting up FastAPI application. Creating database tables...
2026-06-12 07:32:12,275 [INFO] backend.database: SQLite connection initialized with WAL mode.
2026-06-12 07:32:58,382 [INFO] backend.main: Deleting job 80265344-2ce0-4b3e-bc87-2dbc46cd3623 and clean up storage
2026-06-12 07:33:20,265 [INFO] backend.main: Received scrape request: query='galaxy wallpaper', limit=20, engine='google'
2026-06-12 07:33:20,286 [INFO] backend.main: Created job 6c722965-e021-49c0-bfd9-c90665d988f8 in database. Dispatching Celery task...
2026-06-12 07:33:20,683 [INFO] backend.main: Successfully dispatched Celery task for job 6c722965-e021-49c0-bfd9-c90665d988f8
2026-06-12 07:35:38,033 [INFO] backend.main: Shutting down FastAPI application.
2026-06-12 07:35:47,441 [INFO] backend.main: Starting up FastAPI application. Creating database tables...
2026-06-12 07:35:47,503 [INFO] backend.database: SQLite connection initialized with WAL mode.
2026-06-12 07:35:55,037 [INFO] backend.main: Deleting job 6c722965-e021-49c0-bfd9-c90665d988f8 and clean up storage
2026-06-12 07:36:05,727 [INFO] backend.main: Received scrape request: query='galaxy wallpapers', limit=20, engine='google'
2026-06-12 07:36:05,746 [INFO] backend.main: Created job 0130be46-5b0f-4dae-a654-f2edd1fa6f8a in database. Dispatching Celery task...
2026-06-12 07:36:06,052 [INFO] backend.main: Successfully dispatched Celery task for job 0130be46-5b0f-4dae-a654-f2edd1fa6f8a
2026-06-12 07:38:29,248 [INFO] backend.main: Received scrape request: query='damage cars', limit=100, engine='bing'
2026-06-12 07:38:29,263 [INFO] backend.main: Created job 43b62af0-196d-430a-8d0c-903f03c2e605 in database. Dispatching Celery task...
2026-06-12 07:38:29,269 [INFO] backend.main: Successfully dispatched Celery task for job 43b62af0-196d-430a-8d0c-903f03c2e605
2026-06-12 07:39:57,739 [INFO] backend.main: Shutting down FastAPI application.
2026-06-12 07:40:02,075 [INFO] backend.main: Starting up FastAPI application. Creating database tables...
2026-06-12 07:40:02,143 [INFO] backend.database: SQLite connection initialized with WAL mode.
